-------------------------------------------------------------------------------
Test set: com.uniovi.main.controllers.IncidentControllerTest
-------------------------------------------------------------------------------
Tests run: 4, Failures: 0, Errors: 1, Skipped: 0, Time elapsed: 44.655 s <<< FAILURE! - in com.uniovi.main.controllers.IncidentControllerTest
testAgentInfoCorrect(com.uniovi.main.controllers.IncidentControllerTest)  Time elapsed: 0.113 s  <<< ERROR!
java.lang.IllegalStateException: Failed to load ApplicationContext
Caused by: org.springframework.beans.factory.UnsatisfiedDependencyException: Error creating bean with name 'incidentController': Unsatisfied dependency expressed through field 'agentsService'; nested exception is org.springframework.beans.factory.UnsatisfiedDependencyException: Error creating bean with name 'agentsService': Unsatisfied dependency expressed through field 'agentsRepository'; nested exception is org.springframework.beans.factory.BeanCreationException: Error creating bean with name 'AgentsRepository': Cannot resolve reference to bean 'mongoTemplate' while setting bean property 'mongoOperations'; nested exception is org.springframework.beans.factory.UnsatisfiedDependencyException: Error creating bean with name 'mongoTemplate' defined in class path resource [org/springframework/boot/autoconfigure/data/mongo/MongoDataAutoConfiguration.class]: Unsatisfied dependency expressed through method 'mongoTemplate' parameter 0; nested exception is org.springframework.beans.factory.UnsatisfiedDependencyException: Error creating bean with name 'mongoDbFactory' defined in class path resource [org/springframework/boot/autoconfigure/data/mongo/MongoDataAutoConfiguration.class]: Unsatisfied dependency expressed through method 'mongoDbFactory' parameter 0; nested exception is org.springframework.beans.factory.BeanCreationException: Error creating bean with name 'embeddedMongoServer' defined in class path resource [org/springframework/boot/autoconfigure/mongo/embedded/EmbeddedMongoAutoConfiguration.class]: Invocation of init method failed; nested exception is java.io.IOException: Could not start process: <EOF>
Caused by: org.springframework.beans.factory.UnsatisfiedDependencyException: Error creating bean with name 'agentsService': Unsatisfied dependency expressed through field 'agentsRepository'; nested exception is org.springframework.beans.factory.BeanCreationException: Error creating bean with name 'AgentsRepository': Cannot resolve reference to bean 'mongoTemplate' while setting bean property 'mongoOperations'; nested exception is org.springframework.beans.factory.UnsatisfiedDependencyException: Error creating bean with name 'mongoTemplate' defined in class path resource [org/springframework/boot/autoconfigure/data/mongo/MongoDataAutoConfiguration.class]: Unsatisfied dependency expressed through method 'mongoTemplate' parameter 0; nested exception is org.springframework.beans.factory.UnsatisfiedDependencyException: Error creating bean with name 'mongoDbFactory' defined in class path resource [org/springframework/boot/autoconfigure/data/mongo/MongoDataAutoConfiguration.class]: Unsatisfied dependency expressed through method 'mongoDbFactory' parameter 0; nested exception is org.springframework.beans.factory.BeanCreationException: Error creating bean with name 'embeddedMongoServer' defined in class path resource [org/springframework/boot/autoconfigure/mongo/embedded/EmbeddedMongoAutoConfiguration.class]: Invocation of init method failed; nested exception is java.io.IOException: Could not start process: <EOF>
Caused by: org.springframework.beans.factory.BeanCreationException: Error creating bean with name 'AgentsRepository': Cannot resolve reference to bean 'mongoTemplate' while setting bean property 'mongoOperations'; nested exception is org.springframework.beans.factory.UnsatisfiedDependencyException: Error creating bean with name 'mongoTemplate' defined in class path resource [org/springframework/boot/autoconfigure/data/mongo/MongoDataAutoConfiguration.class]: Unsatisfied dependency expressed through method 'mongoTemplate' parameter 0; nested exception is org.springframework.beans.factory.UnsatisfiedDependencyException: Error creating bean with name 'mongoDbFactory' defined in class path resource [org/springframework/boot/autoconfigure/data/mongo/MongoDataAutoConfiguration.class]: Unsatisfied dependency expressed through method 'mongoDbFactory' parameter 0; nested exception is org.springframework.beans.factory.BeanCreationException: Error creating bean with name 'embeddedMongoServer' defined in class path resource [org/springframework/boot/autoconfigure/mongo/embedded/EmbeddedMongoAutoConfiguration.class]: Invocation of init method failed; nested exception is java.io.IOException: Could not start process: <EOF>
Caused by: org.springframework.beans.factory.UnsatisfiedDependencyException: Error creating bean with name 'mongoTemplate' defined in class path resource [org/springframework/boot/autoconfigure/data/mongo/MongoDataAutoConfiguration.class]: Unsatisfied dependency expressed through method 'mongoTemplate' parameter 0; nested exception is org.springframework.beans.factory.UnsatisfiedDependencyException: Error creating bean with name 'mongoDbFactory' defined in class path resource [org/springframework/boot/autoconfigure/data/mongo/MongoDataAutoConfiguration.class]: Unsatisfied dependency expressed through method 'mongoDbFactory' parameter 0; nested exception is org.springframework.beans.factory.BeanCreationException: Error creating bean with name 'embeddedMongoServer' defined in class path resource [org/springframework/boot/autoconfigure/mongo/embedded/EmbeddedMongoAutoConfiguration.class]: Invocation of init method failed; nested exception is java.io.IOException: Could not start process: <EOF>
Caused by: org.springframework.beans.factory.UnsatisfiedDependencyException: Error creating bean with name 'mongoDbFactory' defined in class path resource [org/springframework/boot/autoconfigure/data/mongo/MongoDataAutoConfiguration.class]: Unsatisfied dependency expressed through method 'mongoDbFactory' parameter 0; nested exception is org.springframework.beans.factory.BeanCreationException: Error creating bean with name 'embeddedMongoServer' defined in class path resource [org/springframework/boot/autoconfigure/mongo/embedded/EmbeddedMongoAutoConfiguration.class]: Invocation of init method failed; nested exception is java.io.IOException: Could not start process: <EOF>
Caused by: org.springframework.beans.factory.BeanCreationException: Error creating bean with name 'embeddedMongoServer' defined in class path resource [org/springframework/boot/autoconfigure/mongo/embedded/EmbeddedMongoAutoConfiguration.class]: Invocation of init method failed; nested exception is java.io.IOException: Could not start process: <EOF>
Caused by: java.io.IOException: Could not start process: <EOF>

