-------------------------------------------------------------------------------
Test set: com.uniovi.incimanager.InciManagerI2bApplicationTests
-------------------------------------------------------------------------------
Tests run: 1, Failures: 0, Errors: 1, Skipped: 0, Time elapsed: 1.233 s <<< FAILURE! - in com.uniovi.incimanager.InciManagerI2bApplicationTests
initializationError(com.uniovi.incimanager.InciManagerI2bApplicationTests)  Time elapsed: 0 s  <<< ERROR!
java.lang.IllegalStateException: Unable to find a @SpringBootConfiguration, you need to use @ContextConfiguration or @SpringBootTest(classes=...) with your test

