<?xml version="1.0" encoding="UTF-8"?>
<testsuite xmlns:xsi="http://www.w3.org/2001/XMLSchema-instance" xsi:noNamespaceSchemaLocation="https://maven.apache.org/surefire/maven-surefire-plugin/xsd/surefire-test-report.xsd" name="com.uniovi.main.util.JSONHelperTest" time="0.039" tests="2" errors="0" skipped="0" failures="0">
  <properties>
[...]
</properties>
  <testcase name="testJSONToMap" classname="com.uniovi.main.util.JSONHelperTest" time="0.003"/>
  <testcase name="testMapToJSON" classname="com.uniovi.main.util.JSONHelperTest" time="0.031"/>
</testsuite>