<?xml version="1.0" encoding="UTF-8"?>
<testsuite xmlns:xsi="http://www.w3.org/2001/XMLSchema-instance" xsi:noNamespaceSchemaLocation="https://maven.apache.org/surefire/maven-surefire-plugin/xsd/surefire-test-report.xsd" name="com.uniovi.main.entities.IncidentTest" time="0.03" tests="6" errors="0" skipped="0" failures="0">
  <properties>
[...]
</properties>
  <testcase name="testProperties" classname="com.uniovi.main.entities.IncidentTest" time="0"/>
  <testcase name="testToString" classname="com.uniovi.main.entities.IncidentTest" time="0.001"/>
  <testcase name="testCorrectInstatiation" classname="com.uniovi.main.entities.IncidentTest" time="0"/>
  <testcase name="testEmptyFields" classname="com.uniovi.main.entities.IncidentTest" time="0"/>
  <testcase name="testHashCode" classname="com.uniovi.main.entities.IncidentTest" time="0"/>
  <testcase name="testEquals" classname="com.uniovi.main.entities.IncidentTest" time="0"/>
</testsuite>